Supabase initialized.
🚀 ROGUE API running on port 5001 [development]
[0mGET /api/categories [36m304[0m 1119.301 ms - -[0m
[0mGET /api/age-groups [36m304[0m 1324.285 ms - -[0m
[0mGET /api/records/admin/submissions [36m304[0m 1377.378 ms - -[0m
[0mPUT /api/records/7700a632-a449-41e8-9fba-df37d9ed5192/featured [32m200[0m 706.119 ms - 104[0m
[0mGET /api/records/explore/all?filter=new [36m304[0m 330.087 ms - -[0m
[0mGET /api/records/explore/all?filter=new [36m304[0m 268.472 ms - -[0m
[0mGET /api/records/explore/homepage-sections [36m304[0m 210.007 ms - -[0m
[0mGET /api/events [36m304[0m 291.490 ms - -[0m
[0mGET /api/records/explore/homepage-sections [36m304[0m 211.279 ms - -[0m
[0mGET /api/events [36m304[0m 197.592 ms - -[0m
[0mGET /api/records/explore/all [36m304[0m 304.169 ms - -[0m
[0mGET /api/records/explore/all [36m304[0m 204.330 ms - -[0m
[0mGET /api/categories [36m304[0m 227.469 ms - -[0m
[0mGET /api/records/admin/submissions [36m304[0m 416.774 ms - -[0m
[0mGET /api/age-groups [36m304[0m 422.737 ms - -[0m
[0mPUT /api/records/fbd827f4-e8e1-4ac9-bdf2-58a30e77b67b/featured [32m200[0m 804.019 ms - 104[0m
[0mPUT /api/records/fbd827f4-e8e1-4ac9-bdf2-58a30e77b67b/featured [32m200[0m 634.435 ms - 105[0m
[0mPUT /api/records/fbd827f4-e8e1-4ac9-bdf2-58a30e77b67b/featured [32m200[0m 633.449 ms - 104[0m
[0mPUT /api/records/fbd827f4-e8e1-4ac9-bdf2-58a30e77b67b/featured [32m200[0m 612.626 ms - 104[0m
[0mGET /api/records/explore/all?filter=new [36m304[0m 217.923 ms - -[0m
[0mGET /api/records/explore/all?filter=new [36m304[0m 211.181 ms - -[0m
[0mGET /api/categories [36m304[0m 283.806 ms - -[0m
[0mGET /api/records/admin/submissions [36m304[0m 423.832 ms - -[0m
[0mGET /api/age-groups [36m304[0m 485.638 ms - -[0m
[0mGET /api/coupons [36m304[0m 882.837 ms - -[0m
[0mGET /api/coupons/stats [36m304[0m 1104.488 ms - -[0m
[0mPOST /api/coupons [33m400[0m 360.386 ms - 50[0m
[0mGET /api/categories [36m304[0m 700.906 ms - -[0m
[0mGET /api/age-groups [36m304[0m 905.652 ms - -[0m
[0mGET /api/records/admin/submissions [36m304[0m 921.991 ms - -[0m
[0mPUT /api/records/fbd827f4-e8e1-4ac9-bdf2-58a30e77b67b/featured [32m200[0m 637.342 ms - 104[0m
[0mGET /api/records/explore/all?filter=new [36m304[0m 223.182 ms - -[0m
[0mGET /api/records/explore/all?filter=new [36m304[0m 210.720 ms - -[0m
[0mGET /api/records/explore/all?filter=featured [36m304[0m 234.445 ms - -[0m
[0mGET /api/categories [36m304[0m 297.767 ms - -[0m
[0mGET /api/records/admin/submissions [36m304[0m 511.696 ms - -[0m
[0mGET /api/age-groups [36m304[0m 509.310 ms - -[0m
[0mPUT /api/records/a99d8a6a-792a-4e64-929b-20e4990d8bb4/featured [32m200[0m 749.603 ms - 104[0m
[0mPUT /api/records/a99d8a6a-792a-4e64-929b-20e4990d8bb4/featured [32m200[0m 1679.271 ms - 104[0m
[0mPUT /api/records/a99d8a6a-792a-4e64-929b-20e4990d8bb4/featured [32m200[0m 619.863 ms - 104[0m
[0mGET /api/shop [32m200[0m 226.363 ms - 788[0m
[0mGET /api/shop [36m304[0m 212.645 ms - -[0m
[0mGET /api/categories [36m304[0m 307.065 ms - -[0m
[0mGET /api/age-groups [36m304[0m 516.498 ms - -[0m
[0mGET /api/records/admin/submissions [36m304[0m 535.699 ms - -[0m
[0mPUT /api/records/7700a632-a449-41e8-9fba-df37d9ed5192/featured [32m200[0m 1812.083 ms - 104[0m
[0mPUT /api/records/7700a632-a449-41e8-9fba-df37d9ed5192/featured [32m200[0m 832.895 ms - 104[0m
[0mGET /api/records/explore/all?filter=new [36m304[0m 289.986 ms - -[0m
[0mGET /api/records/explore/all?filter=new [36m304[0m 213.350 ms - -[0m
[0mGET /api/records/explore/all?filter=featured [36m304[0m 314.615 ms - -[0m
[0mGET /api/categories [36m304[0m 324.166 ms - -[0m
[0mGET /api/age-groups [36m304[0m 491.206 ms - -[0m
[0mGET /api/records/admin/submissions [36m304[0m 514.543 ms - -[0m
[0mGET /api/coupons [36m304[0m 664.015 ms - -[0m
[0mGET /api/coupons/stats [36m304[0m 857.970 ms - -[0m
[0mPOST /api/coupons [32m201[0m 1171.441 ms - 471[0m
[0mGET /api/coupons [32m200[0m 396.559 ms - 422[0m
[0mGET /api/coupons/stats [32m200[0m 610.571 ms - 93[0m
[0mGET /api/events [36m304[0m 710.596 ms - -[0m
[0mGET /api/records/explore/homepage-sections [36m304[0m 728.003 ms - -[0m
[0mGET /api/events [36m304[0m 218.348 ms - -[0m
[0mGET /api/records/explore/homepage-sections [36m304[0m 211.732 ms - -[0m
[0mGET /api/records/explore/all [36m304[0m 294.099 ms - -[0m
[0mGET /api/records/explore/all [36m304[0m 208.404 ms - -[0m
[0mGET /api/events [36m304[0m 263.222 ms - -[0m
[0mGET /api/records/explore/homepage-sections [36m304[0m 316.676 ms - -[0m
[0mGET /api/events [36m304[0m 206.568 ms - -[0m
[0mGET /api/records/explore/homepage-sections [36m304[0m 204.211 ms - -[0m
[0mGET /api/records/explore/all [36m304[0m 285.316 ms - -[0m
[0mGET /api/records/explore/all [36m304[0m 216.732 ms - -[0m
[0mGET /api/memberships/stats/overview [36m304[0m 864.692 ms - -[0m
[0mGET /api/admin/events [36m304[0m 881.159 ms - -[0m
[0mGET /api/admin/products [32m200[0m 877.124 ms - 788[0m
[0mGET /api/contact/success-messages [36m304[0m 205.924 ms - -[0m
[0mGET /api/memberships?page=1&limit=100 [36m304[0m 1124.963 ms - -[0m
[0mGET /api/coupons [36m304[0m 521.618 ms - -[0m
[0mGET /api/coupons/stats [36m304[0m 613.278 ms - -[0m
[0mGET /api/dashboard/dashboard [32m200[0m 1585.272 ms - 1671[0m
[0mGET /api/admin/payments [36m304[0m 1947.221 ms - -[0m
[0mGET /api/contact/success-messages [36m304[0m 792.443 ms - -[0m
[0mGET /api/memberships/stats/overview [36m304[0m 1011.325 ms - -[0m
[0mGET /api/memberships?page=1&limit=100 [36m304[0m 1046.873 ms - -[0m
[0mGET /api/admin/products [36m304[0m 1025.415 ms - -[0m
[0mGET /api/admin/events [36m304[0m 429.605 ms - -[0m
[0mGET /api/coupons [36m304[0m 438.631 ms - -[0m
[0mGET /api/dashboard/dashboard [36m304[0m 2291.156 ms - -[0m
[0mGET /api/coupons/stats [36m304[0m 1279.849 ms - -[0m
[0mGET /api/admin/payments [36m304[0m 2751.380 ms - -[0m
[0mGET /api/admin/products [36m304[0m 829.029 ms - -[0m
[0mGET /api/admin/events [36m304[0m 814.848 ms - -[0m
[0mGET /api/memberships?page=1&limit=100 [36m304[0m 839.974 ms - -[0m
[0mGET /api/memberships/stats/overview [36m304[0m 923.993 ms - -[0m
[0mGET /api/contact/success-messages [36m304[0m 205.113 ms - -[0m
[0mGET /api/dashboard/dashboard [36m304[0m 1155.349 ms - -[0m
[0mGET /api/coupons [36m304[0m 480.872 ms - -[0m
[0mGET /api/coupons/stats [36m304[0m 660.704 ms - -[0m
[0mGET /api/admin/payments [36m304[0m 1699.864 ms - -[0m
[0mGET /api/admin/orders [36m304[0m 541.993 ms - -[0m
[0mGET /api/shop [36m304[0m 268.420 ms - -[0m
[0mGET /api/shop [36m304[0m 213.044 ms - -[0m
[0mGET /api/shop/3e5320a5-ed6e-48bc-9b0b-5d4c1cbd64b0 [32m200[0m 244.915 ms - 786[0m
[0mGET /api/shop/3e5320a5-ed6e-48bc-9b0b-5d4c1cbd64b0 [36m304[0m 213.062 ms - -[0m
[0mGET /api/admin/orders [36m304[0m 517.385 ms - -[0m
[0mGET /api/admin/orders [36m304[0m 402.210 ms - -[0m
[0mGET /api/admin/events [36m304[0m 787.560 ms - -[0m
[0mGET /api/admin/videos/record [36m304[0m 789.311 ms - -[0m
[0mGET /api/admin/videos/featured [36m304[0m 854.670 ms - -[0m
[0mGET /api/admin/videos/newest [36m304[0m 865.806 ms - -[0m
[0mGET /api/memberships/stats/overview [36m304[0m 546.358 ms - -[0m
[0mGET /api/admin/events [36m304[0m 561.533 ms - -[0m
[0mGET /api/admin/products [36m304[0m 670.982 ms - -[0m
[0mGET /api/contact/success-messages [36m304[0m 193.605 ms - -[0m
[0mGET /api/dashboard/dashboard [36m304[0m 951.871 ms - -[0m
[0mGET /api/memberships?page=1&limit=100 [36m304[0m 969.882 ms - -[0m
[0mGET /api/records/admin/submissions [36m304[0m 433.148 ms - -[0m
[0mGET /api/coupons [36m304[0m 518.857 ms - -[0m
[0mGET /api/admin/payments [36m304[0m 1476.658 ms - -[0m
[0mGET /api/coupons/stats [36m304[0m 618.124 ms - -[0m
[0mGET /api/memberships/stats/overview [36m304[0m 398.375 ms - -[0m
[0mGET /api/memberships?page=1&limit=100 [36m304[0m 407.892 ms - -[0m
[0mGET /api/coupons [36m304[0m 409.670 ms - -[0m
[0mGET /api/admin/events [36m304[0m 414.844 ms - -[0m
[0mGET /api/coupons/stats [36m304[0m 612.126 ms - -[0m
[0mGET /api/contact/success-messages [36m304[0m 275.790 ms - -[0m
[0mGET /api/admin/products [36m304[0m 402.933 ms - -[0m
[0mGET /api/dashboard/dashboard [36m304[0m 812.483 ms - -[0m
[0mGET /api/records/admin/submissions [36m304[0m 411.872 ms - -[0m
[0mGET /api/admin/payments [36m304[0m 1196.581 ms - -[0m
[0mGET /api/records/admin/submissions [36m304[0m 828.933 ms - -[0m
[0mGET /api/memberships?page=1&limit=100 [36m304[0m 865.395 ms - -[0m
[0mGET /api/admin/products [36m304[0m 859.803 ms - -[0m
[0mGET /api/memberships/stats/overview [36m304[0m 859.437 ms - -[0m
[0mGET /api/contact/success-messages [36m304[0m 348.868 ms - -[0m
[0mGET /api/coupons [36m304[0m 626.384 ms - -[0m
[0mGET /api/admin/events [36m304[0m 644.939 ms - -[0m
[0mGET /api/coupons/stats [36m304[0m 831.507 ms - -[0m
[0mGET /api/dashboard/dashboard [36m304[0m 1727.238 ms - -[0m
[0mGET /api/admin/payments [36m304[0m 2056.928 ms - -[0m
[0mGET /api/memberships/stats/overview [36m304[0m 1058.322 ms - -[0m
[0mGET /api/memberships?page=1&limit=100 [36m304[0m 1076.487 ms - -[0m
[0mGET /api/admin/products [36m304[0m 1069.775 ms - -[0m
[0mGET /api/records/admin/submissions [36m304[0m 1065.561 ms - -[0m
[0mGET /api/contact/success-messages [36m304[0m 215.145 ms - -[0m
[0mGET /api/admin/events [36m304[0m 400.933 ms - -[0m
[0mGET /api/coupons [36m304[0m 420.123 ms - -[0m
[0mGET /api/dashboard/dashboard [36m304[0m 1510.912 ms - -[0m
[0mGET /api/coupons/stats [36m304[0m 626.432 ms - -[0m
[0mGET /api/admin/payments [36m304[0m 2063.306 ms - -[0m
[0mGET /api/memberships/stats/overview [36m304[0m 797.039 ms - -[0m
[0mGET /api/memberships?page=1&limit=100 [36m304[0m 807.395 ms - -[0m
[0mGET /api/admin/products [36m304[0m 804.239 ms - -[0m
[0mGET /api/admin/events [36m304[0m 904.968 ms - -[0m
[0mGET /api/contact/success-messages [36m304[0m 209.116 ms - -[0m
[0mGET /api/coupons [36m304[0m 402.388 ms - -[0m
[0mGET /api/dashboard/dashboard [36m304[0m 1269.145 ms - -[0m
[0mGET /api/records/admin/submissions [36m304[0m 425.267 ms - -[0m
[0mGET /api/coupons/stats [36m304[0m 667.647 ms - -[0m
[0mGET /api/admin/payments [36m304[0m 1726.467 ms - -[0m
[0mGET /api/admin/events [36m304[0m 817.555 ms - -[0m
[0mGET /api/admin/challenges [32m200[0m 1191.372 ms - 2[0m
[0mGET /api/admin/challenges [36m304[0m 448.770 ms - -[0m
[0mGET /api/admin/events [36m304[0m 406.605 ms - -[0m
[0mGET /api/memberships?page=1&limit=100 [36m304[0m 409.471 ms - -[0m
[0mGET /api/memberships/stats/overview [36m304[0m 519.153 ms - -[0m
[0mGET /api/coupons [36m304[0m 609.086 ms - -[0m
[0mGET /api/contact/success-messages [36m304[0m 220.586 ms - -[0m
[0mGET /api/admin/products [36m304[0m 448.392 ms - -[0m
[0mGET /api/coupons/stats [36m304[0m 884.629 ms - -[0m
[0mGET /api/dashboard/dashboard [36m304[0m 1164.031 ms - -[0m
[0mGET /api/records/admin/submissions [36m304[0m 555.281 ms - -[0m
[0mGET /api/admin/payments [36m304[0m 1227.776 ms - -[0m
[0mGET /api/admin/contacts [36m304[0m 567.668 ms - -[0m
[0mGET /api/dashboard/users/list/all [36m304[0m 584.481 ms - -[0m
[0mGET /api/records/admin/submissions [36m304[0m 442.380 ms - -[0m
[0mGET /api/dashboard/users/list/all [36m304[0m 497.691 ms - -[0m
[0mGET /api/admin/judges [36m304[0m 730.248 ms - -[0m
[0mGET /api/admin/security/api-keys [31m500[0m 214.121 ms - 64[0m
[0mGET /api/admin/security/audit-logs [31m500[0m 220.983 ms - 64[0m
[0mGET /api/contact/success-messages [36m304[0m 615.778 ms - -[0m
[0mGET /api/memberships?page=1&limit=100 [36m304[0m 835.716 ms - -[0m
[0mGET /api/memberships/stats/overview [36m304[0m 816.029 ms - -[0m
[0mGET /api/admin/products [36m304[0m 882.353 ms - -[0m
[0mGET /api/coupons [36m304[0m 398.229 ms - -[0m
[0mGET /api/records/admin/submissions [36m304[0m 404.289 ms - -[0m
[0mGET /api/admin/events [36m304[0m 621.803 ms - -[0m
[0mGET /api/dashboard/dashboard [36m304[0m 1491.988 ms - -[0m
[0mGET /api/coupons/stats [36m304[0m 621.088 ms - -[0m
[0mGET /api/admin/payments [36m304[0m 1824.431 ms - -[0m
[0mGET /api/records/admin/submissions [36m304[0m 523.157 ms - -[0m
[0mGET /api/dashboard/users/list/all [36m304[0m 514.932 ms - -[0m
[0mGET /api/admin/judges [36m304[0m 783.078 ms - -[0m
[0mPUT /api/dashboard/users/j-1 [31m500[0m 1336.545 ms - 87[0m
[0mPUT /api/dashboard/users/j-1 [31m500[0m 536.605 ms - 87[0m
[0mGET /api/dashboard/users/list/all [36m304[0m 617.651 ms - -[0m
[0mGET /api/records/admin/submissions [36m304[0m 623.558 ms - -[0m
[0mGET /api/admin/judges [36m304[0m 930.046 ms - -[0m
[0mPUT /api/dashboard/users/j-1 [31m500[0m 1675.778 ms - 87[0m
JsonWebTokenError: jwt malformed
    at module.exports [as verify] (/Users/manvirajput/Downloads/rougue_world_record-main--main 8/rougue_world_record-main--main 5/rougue_world_record-main--main 2/server/node_modules/jsonwebtoken/verify.js:70:17)
    at protect (/Users/manvirajput/Downloads/rougue_world_record-main--main 8/rougue_world_record-main--main 5/rougue_world_record-main--main 2/server/middleware/authMiddleware.js:13:27)
    at Layer.handle [as handle_request] (/Users/manvirajput/Downloads/rougue_world_record-main--main 8/rougue_world_record-main--main 5/rougue_world_record-main--main 2/server/node_modules/express/lib/router/layer.js:95:5)
    at trim_prefix (/Users/manvirajput/Downloads/rougue_world_record-main--main 8/rougue_world_record-main--main 5/rougue_world_record-main--main 2/server/node_modules/express/lib/router/index.js:328:13)
    at /Users/manvirajput/Downloads/rougue_world_record-main--main 8/rougue_world_record-main--main 5/rougue_world_record-main--main 2/server/node_modules/express/lib/router/index.js:286:9
    at router.process_params (/Users/manvirajput/Downloads/rougue_world_record-main--main 8/rougue_world_record-main--main 5/rougue_world_record-main--main 2/server/node_modules/express/lib/router/index.js:346:12)
    at next (/Users/manvirajput/Downloads/rougue_world_record-main--main 8/rougue_world_record-main--main 5/rougue_world_record-main--main 2/server/node_modules/express/lib/router/index.js:280:10)
    at router.handle (/Users/manvirajput/Downloads/rougue_world_record-main--main 8/rougue_world_record-main--main 5/rougue_world_record-main--main 2/server/node_modules/express/lib/router/index.js:175:3)
    at router (/Users/manvirajput/Downloads/rougue_world_record-main--main 8/rougue_world_record-main--main 5/rougue_world_record-main--main 2/server/node_modules/express/lib/router/index.js:47:12)
    at Layer.handle [as handle_request] (/Users/manvirajput/Downloads/rougue_world_record-main--main 8/rougue_world_record-main--main 5/rougue_world_record-main--main 2/server/node_modules/express/lib/router/layer.js:95:5)
[0mPUT /api/admin/dashboard/users/1 [33m401[0m 3.641 ms - 42[0m
[0mPUT /api/dashboard/users/j-1 [31m500[0m 816.191 ms - 87[0m
[0mPUT /api/dashboard/users/j-1 [31m500[0m 539.539 ms - 87[0m
[0mGET /api/admin/media [32m200[0m 841.783 ms - 2[0m
[0mGET /api/admin/content/faqs [31m500[0m 800.640 ms - 26[0m
[0mGET /api/admin/content/homepage/banner [31m500[0m 804.278 ms - 26[0m
[0mGET /api/admin/content/homepage/hero [31m500[0m 837.986 ms - 26[0m
[0mGET /api/records/admin/submissions [36m304[0m 844.353 ms - -[0m
[0mGET /api/admin/certificates [32m200[0m 1079.518 ms - 2[0m
[0mGET /api/records/admin/submissions [36m304[0m 1166.138 ms - -[0m
[0mGET /api/dashboard/users/list/all [36m304[0m 1168.718 ms - -[0m
[0mGET /api/admin/judges [36m304[0m 1488.066 ms - -[0m
[0mGET /api/dashboard/users/list/all [36m304[0m 764.498 ms - -[0m
[0mGET /api/admin/contacts [36m304[0m 769.493 ms - -[0m
[0mGET /api/categories [36m304[0m 338.231 ms - -[0m
[0mGET /api/age-groups [36m304[0m 522.976 ms - -[0m
[0mGET /api/records/admin/submissions [36m304[0m 534.531 ms - -[0m
[0mGET /api/admin/media [36m304[0m 506.288 ms - -[0m
[0mGET /api/records/admin/submissions [36m304[0m 504.997 ms - -[0m
[0mGET /api/admin/content/faqs [31m500[0m 522.621 ms - 26[0m
[0mGET /api/admin/certificates [36m304[0m 516.787 ms - -[0m
[0mGET /api/admin/content/homepage/banner [31m500[0m 831.786 ms - 26[0m
[0mGET /api/admin/content/homepage/hero [31m500[0m 838.782 ms - 26[0m
[0mGET /api/admin/events [36m304[0m 420.531 ms - -[0m
[0mGET /api/categories [36m304[0m 358.567 ms - -[0m
[0mGET /api/age-groups [36m304[0m 558.667 ms - -[0m
[0mGET /api/records/admin/submissions [36m304[0m 571.721 ms - -[0m
TypeError: Cannot read properties of undefined (reading 'from')
    at getAppeals (/Users/manvirajput/Downloads/rougue_world_record-main--main 8/rougue_world_record-main--main 5/rougue_world_record-main--main 2/server/controllers/adminAppealsController.js:10:8)
    at Layer.handle [as handle_request] (/Users/manvirajput/Downloads/rougue_world_record-main--main 8/rougue_world_record-main--main 5/rougue_world_record-main--main 2/server/node_modules/express/lib/router/layer.js:95:5)
    at next (/Users/manvirajput/Downloads/rougue_world_record-main--main 8/rougue_world_record-main--main 5/rougue_world_record-main--main 2/server/node_modules/express/lib/router/route.js:149:13)
    at Route.dispatch (/Users/manvirajput/Downloads/rougue_world_record-main--main 8/rougue_world_record-main--main 5/rougue_world_record-main--main 2/server/node_modules/express/lib/router/route.js:119:3)
    at Layer.handle [as handle_request] (/Users/manvirajput/Downloads/rougue_world_record-main--main 8/rougue_world_record-main--main 5/rougue_world_record-main--main 2/server/node_modules/express/lib/router/layer.js:95:5)
    at /Users/manvirajput/Downloads/rougue_world_record-main--main 8/rougue_world_record-main--main 5/rougue_world_record-main--main 2/server/node_modules/express/lib/router/index.js:284:15
    at router.process_params (/Users/manvirajput/Downloads/rougue_world_record-main--main 8/rougue_world_record-main--main 5/rougue_world_record-main--main 2/server/node_modules/express/lib/router/index.js:346:12)
    at next (/Users/manvirajput/Downloads/rougue_world_record-main--main 8/rougue_world_record-main--main 5/rougue_world_record-main--main 2/server/node_modules/express/lib/router/index.js:280:10)
    at admin (/Users/manvirajput/Downloads/rougue_world_record-main--main 8/rougue_world_record-main--main 5/rougue_world_record-main--main 2/server/middleware/authMiddleware.js:43:5)
    at Layer.handle [as handle_request] (/Users/manvirajput/Downloads/rougue_world_record-main--main 8/rougue_world_record-main--main 5/rougue_world_record-main--main 2/server/node_modules/express/lib/router/layer.js:95:5)
[0mGET /api/admin/appeals?page=1&limit=10&status=all&search= [31m500[0m 306.893 ms - 43[0m
[0mGET /api/admin/videos/newest [36m304[0m 521.191 ms - -[0m
[0mGET /api/admin/videos/featured [36m304[0m 524.305 ms - -[0m
[0mGET /api/admin/videos/record [36m304[0m 741.547 ms - -[0m
TypeError: Cannot read properties of undefined (reading 'from')
    at getAppeals (/Users/manvirajput/Downloads/rougue_world_record-main--main 8/rougue_world_record-main--main 5/rougue_world_record-main--main 2/server/controllers/adminAppealsController.js:10:8)
    at Layer.handle [as handle_request] (/Users/manvirajput/Downloads/rougue_world_record-main--main 8/rougue_world_record-main--main 5/rougue_world_record-main--main 2/server/node_modules/express/lib/router/layer.js:95:5)
    at next (/Users/manvirajput/Downloads/rougue_world_record-main--main 8/rougue_world_record-main--main 5/rougue_world_record-main--main 2/server/node_modules/express/lib/router/route.js:149:13)
    at Route.dispatch (/Users/manvirajput/Downloads/rougue_world_record-main--main 8/rougue_world_record-main--main 5/rougue_world_record-main--main 2/server/node_modules/express/lib/router/route.js:119:3)
    at Layer.handle [as handle_request] (/Users/manvirajput/Downloads/rougue_world_record-main--main 8/rougue_world_record-main--main 5/rougue_world_record-main--main 2/server/node_modules/express/lib/router/layer.js:95:5)
    at /Users/manvirajput/Downloads/rougue_world_record-main--main 8/rougue_world_record-main--main 5/rougue_world_record-main--main 2/server/node_modules/express/lib/router/index.js:284:15
    at router.process_params (/Users/manvirajput/Downloads/rougue_world_record-main--main 8/rougue_world_record-main--main 5/rougue_world_record-main--main 2/server/node_modules/express/lib/router/index.js:346:12)
    at next (/Users/manvirajput/Downloads/rougue_world_record-main--main 8/rougue_world_record-main--main 5/rougue_world_record-main--main 2/server/node_modules/express/lib/router/index.js:280:10)
    at admin (/Users/manvirajput/Downloads/rougue_world_record-main--main 8/rougue_world_record-main--main 5/rougue_world_record-main--main 2/server/middleware/authMiddleware.js:43:5)
    at Layer.handle [as handle_request] (/Users/manvirajput/Downloads/rougue_world_record-main--main 8/rougue_world_record-main--main 5/rougue_world_record-main--main 2/server/node_modules/express/lib/router/layer.js:95:5)
[0mGET /api/admin/appeals?page=1&limit=10&status=all&search= [31m500[0m 1101.769 ms - 43[0m
TypeError: Cannot read properties of undefined (reading 'from')
    at getAppeals (/Users/manvirajput/Downloads/rougue_world_record-main--main 8/rougue_world_record-main--main 5/rougue_world_record-main--main 2/server/controllers/adminAppealsController.js:10:8)
    at Layer.handle [as handle_request] (/Users/manvirajput/Downloads/rougue_world_record-main--main 8/rougue_world_record-main--main 5/rougue_world_record-main--main 2/server/node_modules/express/lib/router/layer.js:95:5)
    at next (/Users/manvirajput/Downloads/rougue_world_record-main--main 8/rougue_world_record-main--main 5/rougue_world_record-main--main 2/server/node_modules/express/lib/router/route.js:149:13)
    at Route.dispatch (/Users/manvirajput/Downloads/rougue_world_record-main--main 8/rougue_world_record-main--main 5/rougue_world_record-main--main 2/server/node_modules/express/lib/router/route.js:119:3)
    at Layer.handle [as handle_request] (/Users/manvirajput/Downloads/rougue_world_record-main--main 8/rougue_world_record-main--main 5/rougue_world_record-main--main 2/server/node_modules/express/lib/router/layer.js:95:5)
    at /Users/manvirajput/Downloads/rougue_world_record-main--main 8/rougue_world_record-main--main 5/rougue_world_record-main--main 2/server/node_modules/express/lib/router/index.js:284:15
    at router.process_params (/Users/manvirajput/Downloads/rougue_world_record-main--main 8/rougue_world_record-main--main 5/rougue_world_record-main--main 2/server/node_modules/express/lib/router/index.js:346:12)
    at next (/Users/manvirajput/Downloads/rougue_world_record-main--main 8/rougue_world_record-main--main 5/rougue_world_record-main--main 2/server/node_modules/express/lib/router/index.js:280:10)
    at admin (/Users/manvirajput/Downloads/rougue_world_record-main--main 8/rougue_world_record-main--main 5/rougue_world_record-main--main 2/server/middleware/authMiddleware.js:43:5)
    at Layer.handle [as handle_request] (/Users/manvirajput/Downloads/rougue_world_record-main--main 8/rougue_world_record-main--main 5/rougue_world_record-main--main 2/server/node_modules/express/lib/router/layer.js:95:5)
[0mGET /api/admin/appeals?page=1&limit=10&status=all&search= [31m500[0m 214.772 ms - 43[0m
TypeError: Cannot read properties of undefined (reading 'from')
    at getAppeals (/Users/manvirajput/Downloads/rougue_world_record-main--main 8/rougue_world_record-main--main 5/rougue_world_record-main--main 2/server/controllers/adminAppealsController.js:10:8)
    at Layer.handle [as handle_request] (/Users/manvirajput/Downloads/rougue_world_record-main--main 8/rougue_world_record-main--main 5/rougue_world_record-main--main 2/server/node_modules/express/lib/router/layer.js:95:5)
    at next (/Users/manvirajput/Downloads/rougue_world_record-main--main 8/rougue_world_record-main--main 5/rougue_world_record-main--main 2/server/node_modules/express/lib/router/route.js:149:13)
    at Route.dispatch (/Users/manvirajput/Downloads/rougue_world_record-main--main 8/rougue_world_record-main--main 5/rougue_world_record-main--main 2/server/node_modules/express/lib/router/route.js:119:3)
    at Layer.handle [as handle_request] (/Users/manvirajput/Downloads/rougue_world_record-main--main 8/rougue_world_record-main--main 5/rougue_world_record-main--main 2/server/node_modules/express/lib/router/layer.js:95:5)
    at /Users/manvirajput/Downloads/rougue_world_record-main--main 8/rougue_world_record-main--main 5/rougue_world_record-main--main 2/server/node_modules/express/lib/router/index.js:284:15
    at router.process_params (/Users/manvirajput/Downloads/rougue_world_record-main--main 8/rougue_world_record-main--main 5/rougue_world_record-main--main 2/server/node_modules/express/lib/router/index.js:346:12)
    at next (/Users/manvirajput/Downloads/rougue_world_record-main--main 8/rougue_world_record-main--main 5/rougue_world_record-main--main 2/server/node_modules/express/lib/router/index.js:280:10)
    at admin (/Users/manvirajput/Downloads/rougue_world_record-main--main 8/rougue_world_record-main--main 5/rougue_world_record-main--main 2/server/middleware/authMiddleware.js:43:5)
    at Layer.handle [as handle_request] (/Users/manvirajput/Downloads/rougue_world_record-main--main 8/rougue_world_record-main--main 5/rougue_world_record-main--main 2/server/node_modules/express/lib/router/layer.js:95:5)
[0mGET /api/admin/appeals?page=1&limit=10&status=all&search= [31m500[0m 660.289 ms - 43[0m
TypeError: Cannot read properties of undefined (reading 'from')
    at getAppeals (/Users/manvirajput/Downloads/rougue_world_record-main--main 8/rougue_world_record-main--main 5/rougue_world_record-main--main 2/server/controllers/adminAppealsController.js:10:8)
    at Layer.handle [as handle_request] (/Users/manvirajput/Downloads/rougue_world_record-main--main 8/rougue_world_record-main--main 5/rougue_world_record-main--main 2/server/node_modules/express/lib/router/layer.js:95:5)
    at next (/Users/manvirajput/Downloads/rougue_world_record-main--main 8/rougue_world_record-main--main 5/rougue_world_record-main--main 2/server/node_modules/express/lib/router/route.js:149:13)
    at Route.dispatch (/Users/manvirajput/Downloads/rougue_world_record-main--main 8/rougue_world_record-main--main 5/rougue_world_record-main--main 2/server/node_modules/express/lib/router/route.js:119:3)
    at Layer.handle [as handle_request] (/Users/manvirajput/Downloads/rougue_world_record-main--main 8/rougue_world_record-main--main 5/rougue_world_record-main--main 2/server/node_modules/express/lib/router/layer.js:95:5)
    at /Users/manvirajput/Downloads/rougue_world_record-main--main 8/rougue_world_record-main--main 5/rougue_world_record-main--main 2/server/node_modules/express/lib/router/index.js:284:15
    at router.process_params (/Users/manvirajput/Downloads/rougue_world_record-main--main 8/rougue_world_record-main--main 5/rougue_world_record-main--main 2/server/node_modules/express/lib/router/index.js:346:12)
    at next (/Users/manvirajput/Downloads/rougue_world_record-main--main 8/rougue_world_record-main--main 5/rougue_world_record-main--main 2/server/node_modules/express/lib/router/index.js:280:10)
    at admin (/Users/manvirajput/Downloads/rougue_world_record-main--main 8/rougue_world_record-main--main 5/rougue_world_record-main--main 2/server/middleware/authMiddleware.js:43:5)
    at Layer.handle [as handle_request] (/Users/manvirajput/Downloads/rougue_world_record-main--main 8/rougue_world_record-main--main 5/rougue_world_record-main--main 2/server/node_modules/express/lib/router/layer.js:95:5)
[0mGET /api/admin/appeals?page=1&limit=10&status=all&search= [31m500[0m 834.417 ms - 43[0m
TypeError: Cannot read properties of undefined (reading 'from')
    at getAppeals (/Users/manvirajput/Downloads/rougue_world_record-main--main 8/rougue_world_record-main--main 5/rougue_world_record-main--main 2/server/controllers/adminAppealsController.js:10:8)
    at Layer.handle [as handle_request] (/Users/manvirajput/Downloads/rougue_world_record-main--main 8/rougue_world_record-main--main 5/rougue_world_record-main--main 2/server/node_modules/express/lib/router/layer.js:95:5)
    at next (/Users/manvirajput/Downloads/rougue_world_record-main--main 8/rougue_world_record-main--main 5/rougue_world_record-main--main 2/server/node_modules/express/lib/router/route.js:149:13)
    at Route.dispatch (/Users/manvirajput/Downloads/rougue_world_record-main--main 8/rougue_world_record-main--main 5/rougue_world_record-main--main 2/server/node_modules/express/lib/router/route.js:119:3)
    at Layer.handle [as handle_request] (/Users/manvirajput/Downloads/rougue_world_record-main--main 8/rougue_world_record-main--main 5/rougue_world_record-main--main 2/server/node_modules/express/lib/router/layer.js:95:5)
    at /Users/manvirajput/Downloads/rougue_world_record-main--main 8/rougue_world_record-main--main 5/rougue_world_record-main--main 2/server/node_modules/express/lib/router/index.js:284:15
    at router.process_params (/Users/manvirajput/Downloads/rougue_world_record-main--main 8/rougue_world_record-main--main 5/rougue_world_record-main--main 2/server/node_modules/express/lib/router/index.js:346:12)
    at next (/Users/manvirajput/Downloads/rougue_world_record-main--main 8/rougue_world_record-main--main 5/rougue_world_record-main--main 2/server/node_modules/express/lib/router/index.js:280:10)
    at admin (/Users/manvirajput/Downloads/rougue_world_record-main--main 8/rougue_world_record-main--main 5/rougue_world_record-main--main 2/server/middleware/authMiddleware.js:43:5)
    at Layer.handle [as handle_request] (/Users/manvirajput/Downloads/rougue_world_record-main--main 8/rougue_world_record-main--main 5/rougue_world_record-main--main 2/server/node_modules/express/lib/router/layer.js:95:5)
[0mGET /api/admin/appeals?page=1&limit=10&status=all&search= [31m500[0m 228.288 ms - 43[0m
[0mGET /api/admin/videos/newest [36m304[0m 487.658 ms - -[0m
[0mGET /api/admin/videos/featured [36m304[0m 511.975 ms - -[0m
[0mGET /api/admin/videos/record [36m304[0m 737.669 ms - -[0m
[0mPOST /api/admin/videos/upload/video [31m500[0m 551.367 ms - 1835[0m
[0mPOST /api/admin/videos/upload/video [31m500[0m 552.559 ms - 1835[0m
[0mPOST /api/admin/videos/newest [33m400[0m 948.924 ms - 48[0m
[0mPOST /api/admin/videos/newest [33m400[0m 721.394 ms - 48[0m
